!SESSION 2026-03-08 10:22:52.480 -----------------------------------------------
eclipse.buildId=4.38.0.20251204-0849
java.version=21.0.9
java.vendor=Eclipse Adoptium
BootLoader constants: OS=linux, ARCH=x86_64, WS=gtk, NL=en_US
Framework arguments:  -product org.eclipse.epp.package.java.product
Command-line arguments:  -os linux -ws gtk -arch x86_64 -product org.eclipse.epp.package.java.product -data /workspace

!ENTRY ch.qos.logback.classic 1 0 2026-03-08 10:22:57.022
!MESSAGE Activated before the state location was initialized. Retry after the state location is initialized.

!ENTRY org.eclipse.equinox.preferences 4 2 2026-03-08 10:22:57.453
!MESSAGE Problems occurred when invoking code from plug-in: "org.eclipse.equinox.preferences".
!STACK 0
java.lang.IllegalStateException: The platform metadata area could not be written: /workspace/.metadata.  By default the platform writes its content
under the current working directory when the platform is launched.  Use the -data parameter to
specify a different content area for the platform.
	at org.eclipse.core.internal.runtime.DataArea.assertLocationInitialized(DataArea.java:80)
	at org.eclipse.core.internal.runtime.DataArea.getStateLocation(DataArea.java:155)
	at org.eclipse.core.internal.preferences.InstancePreferences.getBaseLocation(InstancePreferences.java:43)
	at org.eclipse.core.internal.preferences.SingletonEclipsePreferences.initializeChildren(SingletonEclipsePreferences.java:97)
	at org.eclipse.core.internal.preferences.SingletonEclipsePreferences.<init>(SingletonEclipsePreferences.java:37)
	at org.eclipse.core.internal.preferences.InstancePreferences.<init>(InstancePreferences.java:57)
	at org.eclipse.core.internal.preferences.InstancePreferences.internalCreate(InstancePreferences.java:64)
	at org.eclipse.core.internal.preferences.EclipsePreferences.create(EclipsePreferences.java:370)
	at org.eclipse.core.internal.preferences.EclipsePreferences.create(EclipsePreferences.java:358)
	at org.eclipse.core.internal.preferences.PreferencesService.createNode(PreferencesService.java:354)
	at org.eclipse.core.internal.preferences.EclipsePreferences.getOrCreate(EclipsePreferences.java:1162)
	at org.eclipse.core.internal.preferences.RootPreferences.getNode(RootPreferences.java:65)
	at org.eclipse.core.internal.preferences.RootPreferences.node(RootPreferences.java:53)
	at org.eclipse.core.runtime.preferences.AbstractScope.getNode(AbstractScope.java:37)
	at org.eclipse.core.internal.preferences.PreferencesService$1.run(PreferencesService.java:562)
	at org.eclipse.core.runtime.SafeRunner.run(SafeRunner.java:47)
	at org.eclipse.core.internal.preferences.PreferencesService.getNodes(PreferencesService.java:552)
	at org.eclipse.core.internal.preferences.PreferencesService.getBoolean(PreferencesService.java:434)
	at org.eclipse.ui.trace.internal.utils.PreferenceHandler.isTracingEnabled(PreferenceHandler.java:119)
	at org.eclipse.ui.trace.internal.TracingUIActivator.initPreferences(TracingUIActivator.java:108)
	at org.eclipse.ui.trace.internal.TracingUIActivator.start(TracingUIActivator.java:79)
	at org.eclipse.osgi.internal.framework.BundleContextImpl$2.run(BundleContextImpl.java:838)
	at org.eclipse.osgi.internal.framework.BundleContextImpl$2.run(BundleContextImpl.java:1)
	at java.base/java.security.AccessController.doPrivileged(AccessController.java:571)
	at org.eclipse.osgi.internal.framework.BundleContextImpl.startActivator(BundleContextImpl.java:830)
	at org.eclipse.osgi.internal.framework.BundleContextImpl.start(BundleContextImpl.java:780)
	at org.eclipse.osgi.internal.framework.EquinoxBundle.startWorker0(EquinoxBundle.java:1082)
	at org.eclipse.osgi.internal.framework.EquinoxBundle$EquinoxModule.startWorker(EquinoxBundle.java:394)
	at org.eclipse.osgi.container.Module.doStart(Module.java:643)
	at org.eclipse.osgi.container.Module.start(Module.java:500)
	at org.eclipse.osgi.framework.util.SecureAction.start(SecureAction.java:528)
	at org.eclipse.osgi.internal.hooks.EclipseLazyStarter.postFindLocalClass(EclipseLazyStarter.java:122)
	at org.eclipse.osgi.internal.loader.classpath.ClasspathManager.findLocalClass(ClasspathManager.java:620)
	at org.eclipse.osgi.internal.loader.ModuleClassLoader.findLocalClass(ModuleClassLoader.java:353)
	at org.eclipse.osgi.internal.loader.BundleLoader.findLocalClass(BundleLoader.java:418)
	at org.eclipse.osgi.internal.loader.BundleLoader.findClass0(BundleLoader.java:527)
	at org.eclipse.osgi.internal.loader.BundleLoader.findClass(BundleLoader.java:439)
	at org.eclipse.osgi.internal.loader.ModuleClassLoader.loadClass(ModuleClassLoader.java:195)
	at java.base/java.lang.ClassLoader.loadClass(ClassLoader.java:526)
	at org.eclipse.osgi.internal.framework.EquinoxBundle.loadClass(EquinoxBundle.java:663)
	at org.apache.felix.scr.impl.manager.AbstractComponentManager.initDependencyManagers(AbstractComponentManager.java:1027)
	at org.apache.felix.scr.impl.manager.AbstractComponentManager.collectDependencies(AbstractComponentManager.java:1057)
	at org.apache.felix.scr.impl.manager.SingleComponentManager.getServiceInternal(SingleComponentManager.java:955)
	at org.apache.felix.scr.impl.manager.AbstractComponentManager.activateInternal(AbstractComponentManager.java:785)
	at org.apache.felix.scr.impl.manager.AbstractComponentManager.enableInternal(AbstractComponentManager.java:674)
	at org.apache.felix.scr.impl.manager.AbstractComponentManager.enable(AbstractComponentManager.java:437)
	at org.apache.felix.scr.impl.manager.ConfigurableComponentHolder.enableComponents(ConfigurableComponentHolder.java:671)
	at org.apache.felix.scr.impl.BundleComponentActivator.initialEnable(BundleComponentActivator.java:342)
	at org.apache.felix.scr.impl.Activator.loadComponents(Activator.java:610)
	at org.apache.felix.scr.impl.Activator.access$200(Activator.java:75)
	at org.apache.felix.scr.impl.Activator$ScrExtension.start(Activator.java:477)
	at org.apache.felix.scr.impl.AbstractExtender.createExtension(AbstractExtender.java:196)
	at org.apache.felix.scr.impl.AbstractExtender.modifiedBundle(AbstractExtender.java:169)
	at org.apache.felix.scr.impl.AbstractExtender.addingBundle(AbstractExtender.java:139)
	at org.apache.felix.scr.impl.AbstractExtender.addingBundle(AbstractExtender.java:49)
	at org.osgi.util.tracker.BundleTracker$Tracked.customizerAdding(BundleTracker.java:477)
	at org.osgi.util.tracker.BundleTracker$Tracked.customizerAdding(BundleTracker.java:1)
	at org.osgi.util.tracker.AbstractTracked.trackAdding(AbstractTracked.java:257)
	at org.osgi.util.tracker.AbstractTracked.track(AbstractTracked.java:230)
	at org.osgi.util.tracker.BundleTracker$Tracked.bundleChanged(BundleTracker.java:452)
	at org.eclipse.osgi.internal.framework.BundleContextImpl.dispatchEvent(BundleContextImpl.java:987)
	at org.eclipse.osgi.framework.eventmgr.EventManager.dispatchEvent(EventManager.java:230)
	at org.eclipse.osgi.framework.eventmgr.ListenerQueue.dispatchEventSynchronous(ListenerQueue.java:151)
	at org.eclipse.osgi.internal.framework.EquinoxEventPublisher.publishBundleEventPrivileged(EquinoxEventPublisher.java:237)
	at org.eclipse.osgi.internal.framework.EquinoxEventPublisher.publishBundleEvent(EquinoxEventPublisher.java:136)
	at org.eclipse.osgi.internal.framework.EquinoxEventPublisher.publishBundleEvent(EquinoxEventPublisher.java:128)
	at org.eclipse.osgi.internal.framework.EquinoxContainerAdaptor.publishModuleEvent(EquinoxContainerAdaptor.java:232)
	at org.eclipse.osgi.container.Module.publishEvent(Module.java:534)
	at org.eclipse.osgi.container.Module.start(Module.java:518)
	at org.eclipse.osgi.container.ModuleContainer$ContainerStartLevel$2.run(ModuleContainer.java:2110)
	at org.eclipse.osgi.internal.framework.EquinoxContainerAdaptor$1$1.execute(EquinoxContainerAdaptor.java:146)
	at org.eclipse.osgi.container.ModuleContainer$ContainerStartLevel.incStartLevel(ModuleContainer.java:2101)
	at org.eclipse.osgi.container.ModuleContainer$ContainerStartLevel.incStartLevel(ModuleContainer.java:2041)
	at org.eclipse.osgi.container.ModuleContainer$ContainerStartLevel.doContainerStartLevel(ModuleContainer.java:2003)
	at org.eclipse.osgi.container.ModuleContainer$ContainerStartLevel.dispatchEvent(ModuleContainer.java:1915)
	at org.eclipse.osgi.container.ModuleContainer$ContainerStartLevel.dispatchEvent(ModuleContainer.java:1)
	at org.eclipse.osgi.framework.eventmgr.EventManager.dispatchEvent(EventManager.java:230)
	at org.eclipse.osgi.framework.eventmgr.EventManager$EventThread.run(EventManager.java:341)

!ENTRY org.eclipse.osgi 4 0 2026-03-08 10:22:57.472
!MESSAGE An error occurred while automatically activating bundle org.eclipse.ui.trace (473).
!STACK 0
org.osgi.framework.BundleException: Exception in org.eclipse.ui.trace.internal.TracingUIActivator.start() of bundle org.eclipse.ui.trace.
	at org.eclipse.osgi.internal.framework.BundleContextImpl.startActivator(BundleContextImpl.java:859)
	at org.eclipse.osgi.internal.framework.BundleContextImpl.start(BundleContextImpl.java:780)
	at org.eclipse.osgi.internal.framework.EquinoxBundle.startWorker0(EquinoxBundle.java:1082)
	at org.eclipse.osgi.internal.framework.EquinoxBundle$EquinoxModule.startWorker(EquinoxBundle.java:394)
	at org.eclipse.osgi.container.Module.doStart(Module.java:643)
	at org.eclipse.osgi.container.Module.start(Module.java:500)
	at org.eclipse.osgi.framework.util.SecureAction.start(SecureAction.java:528)
	at org.eclipse.osgi.internal.hooks.EclipseLazyStarter.postFindLocalClass(EclipseLazyStarter.java:122)
	at org.eclipse.osgi.internal.loader.classpath.ClasspathManager.findLocalClass(ClasspathManager.java:620)
	at org.eclipse.osgi.internal.loader.ModuleClassLoader.findLocalClass(ModuleClassLoader.java:353)
	at org.eclipse.osgi.internal.loader.BundleLoader.findLocalClass(BundleLoader.java:418)
	at org.eclipse.osgi.internal.loader.BundleLoader.findClass0(BundleLoader.java:527)
	at org.eclipse.osgi.internal.loader.BundleLoader.findClass(BundleLoader.java:439)
	at org.eclipse.osgi.internal.loader.ModuleClassLoader.loadClass(ModuleClassLoader.java:195)
	at java.base/java.lang.ClassLoader.loadClass(ClassLoader.java:526)
	at org.eclipse.osgi.internal.framework.EquinoxBundle.loadClass(EquinoxBundle.java:663)
	at org.apache.felix.scr.impl.manager.AbstractComponentManager.initDependencyManagers(AbstractComponentManager.java:1027)
	at org.apache.felix.scr.impl.manager.AbstractComponentManager.collectDependencies(AbstractComponentManager.java:1057)
	at org.apache.felix.scr.impl.manager.SingleComponentManager.getServiceInternal(SingleComponentManager.java:955)
	at org.apache.felix.scr.impl.manager.AbstractComponentManager.activateInternal(AbstractComponentManager.java:785)
	at org.apache.felix.scr.impl.manager.AbstractComponentManager.enableInternal(AbstractComponentManager.java:674)
	at org.apache.felix.scr.impl.manager.AbstractComponentManager.enable(AbstractComponentManager.java:437)
	at org.apache.felix.scr.impl.manager.ConfigurableComponentHolder.enableComponents(ConfigurableComponentHolder.java:671)
	at org.apache.felix.scr.impl.BundleComponentActivator.initialEnable(BundleComponentActivator.java:342)
	at org.apache.felix.scr.impl.Activator.loadComponents(Activator.java:610)
	at org.apache.felix.scr.impl.Activator.access$200(Activator.java:75)
	at org.apache.felix.scr.impl.Activator$ScrExtension.start(Activator.java:477)
	at org.apache.felix.scr.impl.AbstractExtender.createExtension(AbstractExtender.java:196)
	at org.apache.felix.scr.impl.AbstractExtender.modifiedBundle(AbstractExtender.java:169)
	at org.apache.felix.scr.impl.AbstractExtender.addingBundle(AbstractExtender.java:139)
	at org.apache.felix.scr.impl.AbstractExtender.addingBundle(AbstractExtender.java:49)
	at org.osgi.util.tracker.BundleTracker$Tracked.customizerAdding(BundleTracker.java:477)
	at org.osgi.util.tracker.BundleTracker$Tracked.customizerAdding(BundleTracker.java:1)
	at org.osgi.util.tracker.AbstractTracked.trackAdding(AbstractTracked.java:257)
	at org.osgi.util.tracker.AbstractTracked.track(AbstractTracked.java:230)
	at org.osgi.util.tracker.BundleTracker$Tracked.bundleChanged(BundleTracker.java:452)
	at org.eclipse.osgi.internal.framework.BundleContextImpl.dispatchEvent(BundleContextImpl.java:987)
	at org.eclipse.osgi.framework.eventmgr.EventManager.dispatchEvent(EventManager.java:230)
	at org.eclipse.osgi.framework.eventmgr.ListenerQueue.dispatchEventSynchronous(ListenerQueue.java:151)
	at org.eclipse.osgi.internal.framework.EquinoxEventPublisher.publishBundleEventPrivileged(EquinoxEventPublisher.java:237)
	at org.eclipse.osgi.internal.framework.EquinoxEventPublisher.publishBundleEvent(EquinoxEventPublisher.java:136)
	at org.eclipse.osgi.internal.framework.EquinoxEventPublisher.publishBundleEvent(EquinoxEventPublisher.java:128)
	at org.eclipse.osgi.internal.framework.EquinoxContainerAdaptor.publishModuleEvent(EquinoxContainerAdaptor.java:232)
	at org.eclipse.osgi.container.Module.publishEvent(Module.java:534)
	at org.eclipse.osgi.container.Module.start(Module.java:518)
	at org.eclipse.osgi.container.ModuleContainer$ContainerStartLevel$2.run(ModuleContainer.java:2110)
	at org.eclipse.osgi.internal.framework.EquinoxContainerAdaptor$1$1.execute(EquinoxContainerAdaptor.java:146)
	at org.eclipse.osgi.container.ModuleContainer$ContainerStartLevel.incStartLevel(ModuleContainer.java:2101)
	at org.eclipse.osgi.container.ModuleContainer$ContainerStartLevel.incStartLevel(ModuleContainer.java:2041)
	at org.eclipse.osgi.container.ModuleContainer$ContainerStartLevel.doContainerStartLevel(ModuleContainer.java:2003)
	at org.eclipse.osgi.container.ModuleContainer$ContainerStartLevel.dispatchEvent(ModuleContainer.java:1915)
	at org.eclipse.osgi.container.ModuleContainer$ContainerStartLevel.dispatchEvent(ModuleContainer.java:1)
	at org.eclipse.osgi.framework.eventmgr.EventManager.dispatchEvent(EventManager.java:230)
	at org.eclipse.osgi.framework.eventmgr.EventManager$EventThread.run(EventManager.java:341)
Caused by: java.lang.IllegalStateException: The platform metadata area could not be written: /workspace/.metadata.  By default the platform writes its content
under the current working directory when the platform is launched.  Use the -data parameter to
specify a different content area for the platform.
	at org.eclipse.core.internal.runtime.DataArea.assertLocationInitialized(DataArea.java:80)
	at org.eclipse.core.internal.runtime.DataArea.getStateLocation(DataArea.java:155)
	at org.eclipse.core.internal.preferences.InstancePreferences.getBaseLocation(InstancePreferences.java:43)
	at org.eclipse.core.internal.preferences.SingletonEclipsePreferences.initializeChildren(SingletonEclipsePreferences.java:97)
	at org.eclipse.core.internal.preferences.SingletonEclipsePreferences.<init>(SingletonEclipsePreferences.java:37)
	at org.eclipse.core.internal.preferences.InstancePreferences.<init>(InstancePreferences.java:57)
	at org.eclipse.core.internal.preferences.InstancePreferences.internalCreate(InstancePreferences.java:64)
	at org.eclipse.core.internal.preferences.EclipsePreferences.create(EclipsePreferences.java:370)
	at org.eclipse.core.internal.preferences.EclipsePreferences.create(EclipsePreferences.java:358)
	at org.eclipse.core.internal.preferences.PreferencesService.createNode(PreferencesService.java:354)
	at org.eclipse.core.internal.preferences.EclipsePreferences.getOrCreate(EclipsePreferences.java:1162)
	at org.eclipse.core.internal.preferences.RootPreferences.getNode(RootPreferences.java:65)
	at org.eclipse.core.internal.preferences.RootPreferences.node(RootPreferences.java:53)
	at org.eclipse.core.runtime.preferences.AbstractScope.getNode(AbstractScope.java:37)
	at org.eclipse.core.internal.preferences.PreferencesService$1.run(PreferencesService.java:562)
	at org.eclipse.core.runtime.SafeRunner.run(SafeRunner.java:47)
	at org.eclipse.core.internal.preferences.PreferencesService.getNodes(PreferencesService.java:552)
	at org.eclipse.core.internal.preferences.PreferencesService.getBoolean(PreferencesService.java:434)
	at org.eclipse.ui.trace.internal.utils.PreferenceHandler.isTracingEnabled(PreferenceHandler.java:119)
	at org.eclipse.ui.trace.internal.TracingUIActivator.initPreferences(TracingUIActivator.java:108)
	at org.eclipse.ui.trace.internal.TracingUIActivator.start(TracingUIActivator.java:79)
	at org.eclipse.osgi.internal.framework.BundleContextImpl$2.run(BundleContextImpl.java:838)
	at org.eclipse.osgi.internal.framework.BundleContextImpl$2.run(BundleContextImpl.java:1)
	at java.base/java.security.AccessController.doPrivileged(AccessController.java:571)
	at org.eclipse.osgi.internal.framework.BundleContextImpl.startActivator(BundleContextImpl.java:830)
	... 53 more
Root exception:
java.lang.IllegalStateException: The platform metadata area could not be written: /workspace/.metadata.  By default the platform writes its content
under the current working directory when the platform is launched.  Use the -data parameter to
specify a different content area for the platform.
	at org.eclipse.core.internal.runtime.DataArea.assertLocationInitialized(DataArea.java:80)
	at org.eclipse.core.internal.runtime.DataArea.getStateLocation(DataArea.java:155)
	at org.eclipse.core.internal.preferences.InstancePreferences.getBaseLocation(InstancePreferences.java:43)
	at org.eclipse.core.internal.preferences.SingletonEclipsePreferences.initializeChildren(SingletonEclipsePreferences.java:97)
	at org.eclipse.core.internal.preferences.SingletonEclipsePreferences.<init>(SingletonEclipsePreferences.java:37)
	at org.eclipse.core.internal.preferences.InstancePreferences.<init>(InstancePreferences.java:57)
	at org.eclipse.core.internal.preferences.InstancePreferences.internalCreate(InstancePreferences.java:64)
	at org.eclipse.core.internal.preferences.EclipsePreferences.create(EclipsePreferences.java:370)
	at org.eclipse.core.internal.preferences.EclipsePreferences.create(EclipsePreferences.java:358)
	at org.eclipse.core.internal.preferences.PreferencesService.createNode(PreferencesService.java:354)
	at org.eclipse.core.internal.preferences.EclipsePreferences.getOrCreate(EclipsePreferences.java:1162)
	at org.eclipse.core.internal.preferences.RootPreferences.getNode(RootPreferences.java:65)
	at org.eclipse.core.internal.preferences.RootPreferences.node(RootPreferences.java:53)
	at org.eclipse.core.runtime.preferences.AbstractScope.getNode(AbstractScope.java:37)
	at org.eclipse.core.internal.preferences.PreferencesService$1.run(PreferencesService.java:562)
	at org.eclipse.core.runtime.SafeRunner.run(SafeRunner.java:47)
	at org.eclipse.core.internal.preferences.PreferencesService.getNodes(PreferencesService.java:552)
	at org.eclipse.core.internal.preferences.PreferencesService.getBoolean(PreferencesService.java:434)
	at org.eclipse.ui.trace.internal.utils.PreferenceHandler.isTracingEnabled(PreferenceHandler.java:119)
	at org.eclipse.ui.trace.internal.TracingUIActivator.initPreferences(TracingUIActivator.java:108)
	at org.eclipse.ui.trace.internal.TracingUIActivator.start(TracingUIActivator.java:79)
	at org.eclipse.osgi.internal.framework.BundleContextImpl$2.run(BundleContextImpl.java:838)
	at org.eclipse.osgi.internal.framework.BundleContextImpl$2.run(BundleContextImpl.java:1)
	at java.base/java.security.AccessController.doPrivileged(AccessController.java:571)
	at org.eclipse.osgi.internal.framework.BundleContextImpl.startActivator(BundleContextImpl.java:830)
	at org.eclipse.osgi.internal.framework.BundleContextImpl.start(BundleContextImpl.java:780)
	at org.eclipse.osgi.internal.framework.EquinoxBundle.startWorker0(EquinoxBundle.java:1082)
	at org.eclipse.osgi.internal.framework.EquinoxBundle$EquinoxModule.startWorker(EquinoxBundle.java:394)
	at org.eclipse.osgi.container.Module.doStart(Module.java:643)
	at org.eclipse.osgi.container.Module.start(Module.java:500)
	at org.eclipse.osgi.framework.util.SecureAction.start(SecureAction.java:528)
	at org.eclipse.osgi.internal.hooks.EclipseLazyStarter.postFindLocalClass(EclipseLazyStarter.java:122)
	at org.eclipse.osgi.internal.loader.classpath.ClasspathManager.findLocalClass(ClasspathManager.java:620)
	at org.eclipse.osgi.internal.loader.ModuleClassLoader.findLocalClass(ModuleClassLoader.java:353)
	at org.eclipse.osgi.internal.loader.BundleLoader.findLocalClass(BundleLoader.java:418)
	at org.eclipse.osgi.internal.loader.BundleLoader.findClass0(BundleLoader.java:527)
	at org.eclipse.osgi.internal.loader.BundleLoader.findClass(BundleLoader.java:439)
	at org.eclipse.osgi.internal.loader.ModuleClassLoader.loadClass(ModuleClassLoader.java:195)
	at java.base/java.lang.ClassLoader.loadClass(ClassLoader.java:526)
	at org.eclipse.osgi.internal.framework.EquinoxBundle.loadClass(EquinoxBundle.java:663)
	at org.apache.felix.scr.impl.manager.AbstractComponentManager.initDependencyManagers(AbstractComponentManager.java:1027)
	at org.apache.felix.scr.impl.manager.AbstractComponentManager.collectDependencies(AbstractComponentManager.java:1057)
	at org.apache.felix.scr.impl.manager.SingleComponentManager.getServiceInternal(SingleComponentManager.java:955)
	at org.apache.felix.scr.impl.manager.AbstractComponentManager.activateInternal(AbstractComponentManager.java:785)
	at org.apache.felix.scr.impl.manager.AbstractComponentManager.enableInternal(AbstractComponentManager.java:674)
	at org.apache.felix.scr.impl.manager.AbstractComponentManager.enable(AbstractComponentManager.java:437)
	at org.apache.felix.scr.impl.manager.ConfigurableComponentHolder.enableComponents(ConfigurableComponentHolder.java:671)
	at org.apache.felix.scr.impl.BundleComponentActivator.initialEnable(BundleComponentActivator.java:342)
	at org.apache.felix.scr.impl.Activator.loadComponents(Activator.java:610)
	at org.apache.felix.scr.impl.Activator.access$200(Activator.java:75)
	at org.apache.felix.scr.impl.Activator$ScrExtension.start(Activator.java:477)
	at org.apache.felix.scr.impl.AbstractExtender.createExtension(AbstractExtender.java:196)
	at org.apache.felix.scr.impl.AbstractExtender.modifiedBundle(AbstractExtender.java:169)
	at org.apache.felix.scr.impl.AbstractExtender.addingBundle(AbstractExtender.java:139)
	at org.apache.felix.scr.impl.AbstractExtender.addingBundle(AbstractExtender.java:49)
	at org.osgi.util.tracker.BundleTracker$Tracked.customizerAdding(BundleTracker.java:477)
	at org.osgi.util.tracker.BundleTracker$Tracked.customizerAdding(BundleTracker.java:1)
	at org.osgi.util.tracker.AbstractTracked.trackAdding(AbstractTracked.java:257)
	at org.osgi.util.tracker.AbstractTracked.track(AbstractTracked.java:230)
	at org.osgi.util.tracker.BundleTracker$Tracked.bundleChanged(BundleTracker.java:452)
	at org.eclipse.osgi.internal.framework.BundleContextImpl.dispatchEvent(BundleContextImpl.java:987)
	at org.eclipse.osgi.framework.eventmgr.EventManager.dispatchEvent(EventManager.java:230)
	at org.eclipse.osgi.framework.eventmgr.ListenerQueue.dispatchEventSynchronous(ListenerQueue.java:151)
	at org.eclipse.osgi.internal.framework.EquinoxEventPublisher.publishBundleEventPrivileged(EquinoxEventPublisher.java:237)
	at org.eclipse.osgi.internal.framework.EquinoxEventPublisher.publishBundleEvent(EquinoxEventPublisher.java:136)
	at org.eclipse.osgi.internal.framework.EquinoxEventPublisher.publishBundleEvent(EquinoxEventPublisher.java:128)
	at org.eclipse.osgi.internal.framework.EquinoxContainerAdaptor.publishModuleEvent(EquinoxContainerAdaptor.java:232)
	at org.eclipse.osgi.container.Module.publishEvent(Module.java:534)
	at org.eclipse.osgi.container.Module.start(Module.java:518)
	at org.eclipse.osgi.container.ModuleContainer$ContainerStartLevel$2.run(ModuleContainer.java:2110)
	at org.eclipse.osgi.internal.framework.EquinoxContainerAdaptor$1$1.execute(EquinoxContainerAdaptor.java:146)
	at org.eclipse.osgi.container.ModuleContainer$ContainerStartLevel.incStartLevel(ModuleContainer.java:2101)
	at org.eclipse.osgi.container.ModuleContainer$ContainerStartLevel.incStartLevel(ModuleContainer.java:2041)
	at org.eclipse.osgi.container.ModuleContainer$ContainerStartLevel.doContainerStartLevel(ModuleContainer.java:2003)
	at org.eclipse.osgi.container.ModuleContainer$ContainerStartLevel.dispatchEvent(ModuleContainer.java:1915)
	at org.eclipse.osgi.container.ModuleContainer$ContainerStartLevel.dispatchEvent(ModuleContainer.java:1)
	at org.eclipse.osgi.framework.eventmgr.EventManager.dispatchEvent(EventManager.java:230)
	at org.eclipse.osgi.framework.eventmgr.EventManager$EventThread.run(EventManager.java:341)

!ENTRY org.eclipse.ui.trace 4 0 2026-03-08 10:22:57.476
!MESSAGE bundle org.eclipse.ui.trace:1.3.500.v20250320-0611 (473)[org.eclipse.ui.trace.internal.utils.TracingInitializer(138)] : Could not load implementation object class org.eclipse.ui.trace.internal.utils.TracingInitializer
!STACK 0
java.lang.ClassNotFoundException: An error occurred while automatically activating bundle org.eclipse.ui.trace (473).
	at org.eclipse.osgi.internal.hooks.EclipseLazyStarter.postFindLocalClass(EclipseLazyStarter.java:133)
	at org.eclipse.osgi.internal.loader.classpath.ClasspathManager.findLocalClass(ClasspathManager.java:620)
	at org.eclipse.osgi.internal.loader.ModuleClassLoader.findLocalClass(ModuleClassLoader.java:353)
	at org.eclipse.osgi.internal.loader.BundleLoader.findLocalClass(BundleLoader.java:418)
	at org.eclipse.osgi.internal.loader.BundleLoader.findClass0(BundleLoader.java:527)
	at org.eclipse.osgi.internal.loader.BundleLoader.findClass(BundleLoader.java:439)
	at org.eclipse.osgi.internal.loader.ModuleClassLoader.loadClass(ModuleClassLoader.java:195)
	at java.base/java.lang.ClassLoader.loadClass(ClassLoader.java:526)
	at org.eclipse.osgi.internal.framework.EquinoxBundle.loadClass(EquinoxBundle.java:663)
	at org.apache.felix.scr.impl.manager.AbstractComponentManager.initDependencyManagers(AbstractComponentManager.java:1027)
	at org.apache.felix.scr.impl.manager.AbstractComponentManager.collectDependencies(AbstractComponentManager.java:1057)
	at org.apache.felix.scr.impl.manager.SingleComponentManager.getServiceInternal(SingleComponentManager.java:955)
	at org.apache.felix.scr.impl.manager.AbstractComponentManager.activateInternal(AbstractComponentManager.java:785)
	at org.apache.felix.scr.impl.manager.AbstractComponentManager.enableInternal(AbstractComponentManager.java:674)
	at org.apache.felix.scr.impl.manager.AbstractComponentManager.enable(AbstractComponentManager.java:437)
	at org.apache.felix.scr.impl.manager.ConfigurableComponentHolder.enableComponents(ConfigurableComponentHolder.java:671)
	at org.apache.felix.scr.impl.BundleComponentActivator.initialEnable(BundleComponentActivator.java:342)
	at org.apache.felix.scr.impl.Activator.loadComponents(Activator.java:610)
	at org.apache.felix.scr.impl.Activator.access$200(Activator.java:75)
	at org.apache.felix.scr.impl.Activator$ScrExtension.start(Activator.java:477)
	at org.apache.felix.scr.impl.AbstractExtender.createExtension(AbstractExtender.java:196)
	at org.apache.felix.scr.impl.AbstractExtender.modifiedBundle(AbstractExtender.java:169)
	at org.apache.felix.scr.impl.AbstractExtender.addingBundle(AbstractExtender.java:139)
	at org.apache.felix.scr.impl.AbstractExtender.addingBundle(AbstractExtender.java:49)
	at org.osgi.util.tracker.BundleTracker$Tracked.customizerAdding(BundleTracker.java:477)
	at org.osgi.util.tracker.BundleTracker$Tracked.customizerAdding(BundleTracker.java:1)
	at org.osgi.util.tracker.AbstractTracked.trackAdding(AbstractTracked.java:257)
	at org.osgi.util.tracker.AbstractTracked.track(AbstractTracked.java:230)
	at org.osgi.util.tracker.BundleTracker$Tracked.bundleChanged(BundleTracker.java:452)
	at org.eclipse.osgi.internal.framework.BundleContextImpl.dispatchEvent(BundleContextImpl.java:987)
	at org.eclipse.osgi.framework.eventmgr.EventManager.dispatchEvent(EventManager.java:230)
	at org.eclipse.osgi.framework.eventmgr.ListenerQueue.dispatchEventSynchronous(ListenerQueue.java:151)
	at org.eclipse.osgi.internal.framework.EquinoxEventPublisher.publishBundleEventPrivileged(EquinoxEventPublisher.java:237)
	at org.eclipse.osgi.internal.framework.EquinoxEventPublisher.publishBundleEvent(EquinoxEventPublisher.java:136)
	at org.eclipse.osgi.internal.framework.EquinoxEventPublisher.publishBundleEvent(EquinoxEventPublisher.java:128)
	at org.eclipse.osgi.internal.framework.EquinoxContainerAdaptor.publishModuleEvent(EquinoxContainerAdaptor.java:232)
	at org.eclipse.osgi.container.Module.publishEvent(Module.java:534)
	at org.eclipse.osgi.container.Module.start(Module.java:518)
	at org.eclipse.osgi.container.ModuleContainer$ContainerStartLevel$2.run(ModuleContainer.java:2110)
	at org.eclipse.osgi.internal.framework.EquinoxContainerAdaptor$1$1.execute(EquinoxContainerAdaptor.java:146)
	at org.eclipse.osgi.container.ModuleContainer$ContainerStartLevel.incStartLevel(ModuleContainer.java:2101)
	at org.eclipse.osgi.container.ModuleContainer$ContainerStartLevel.incStartLevel(ModuleContainer.java:2041)
	at org.eclipse.osgi.container.ModuleContainer$ContainerStartLevel.doContainerStartLevel(ModuleContainer.java:2003)
	at org.eclipse.osgi.container.ModuleContainer$ContainerStartLevel.dispatchEvent(ModuleContainer.java:1915)
	at org.eclipse.osgi.container.ModuleContainer$ContainerStartLevel.dispatchEvent(ModuleContainer.java:1)
	at org.eclipse.osgi.framework.eventmgr.EventManager.dispatchEvent(EventManager.java:230)
	at org.eclipse.osgi.framework.eventmgr.EventManager$EventThread.run(EventManager.java:341)
Caused by: org.osgi.framework.BundleException: Exception in org.eclipse.ui.trace.internal.TracingUIActivator.start() of bundle org.eclipse.ui.trace.
	at org.eclipse.osgi.internal.framework.BundleContextImpl.startActivator(BundleContextImpl.java:859)
	at org.eclipse.osgi.internal.framework.BundleContextImpl.start(BundleContextImpl.java:780)
	at org.eclipse.osgi.internal.framework.EquinoxBundle.startWorker0(EquinoxBundle.java:1082)
	at org.eclipse.osgi.internal.framework.EquinoxBundle$EquinoxModule.startWorker(EquinoxBundle.java:394)
	at org.eclipse.osgi.container.Module.doStart(Module.java:643)
	at org.eclipse.osgi.container.Module.start(Module.java:500)
	at org.eclipse.osgi.framework.util.SecureAction.start(SecureAction.java:528)
	at org.eclipse.osgi.internal.hooks.EclipseLazyStarter.postFindLocalClass(EclipseLazyStarter.java:122)
	... 46 more
Caused by: java.lang.IllegalStateException: The platform metadata area could not be written: /workspace/.metadata.  By default the platform writes its content
under the current working directory when the platform is launched.  Use the -data parameter to
specify a different content area for the platform.
	at org.eclipse.core.internal.runtime.DataArea.assertLocationInitialized(DataArea.java:80)
	at org.eclipse.core.internal.runtime.DataArea.getStateLocation(DataArea.java:155)
	at org.eclipse.core.internal.preferences.InstancePreferences.getBaseLocation(InstancePreferences.java:43)
	at org.eclipse.core.internal.preferences.SingletonEclipsePreferences.initializeChildren(SingletonEclipsePreferences.java:97)
	at org.eclipse.core.internal.preferences.SingletonEclipsePreferences.<init>(SingletonEclipsePreferences.java:37)
	at org.eclipse.core.internal.preferences.InstancePreferences.<init>(InstancePreferences.java:57)
	at org.eclipse.core.internal.preferences.InstancePreferences.internalCreate(InstancePreferences.java:64)
	at org.eclipse.core.internal.preferences.EclipsePreferences.create(EclipsePreferences.java:370)
	at org.eclipse.core.internal.preferences.EclipsePreferences.create(EclipsePreferences.java:358)
	at org.eclipse.core.internal.preferences.PreferencesService.createNode(PreferencesService.java:354)
	at org.eclipse.core.internal.preferences.EclipsePreferences.getOrCreate(EclipsePreferences.java:1162)
	at org.eclipse.core.internal.preferences.RootPreferences.getNode(RootPreferences.java:65)
	at org.eclipse.core.internal.preferences.RootPreferences.node(RootPreferences.java:53)
	at org.eclipse.core.runtime.preferences.AbstractScope.getNode(AbstractScope.java:37)
	at org.eclipse.core.internal.preferences.PreferencesService$1.run(PreferencesService.java:562)
	at org.eclipse.core.runtime.SafeRunner.run(SafeRunner.java:47)
	at org.eclipse.core.internal.preferences.PreferencesService.getNodes(PreferencesService.java:552)
	at org.eclipse.core.internal.preferences.PreferencesService.getBoolean(PreferencesService.java:434)
	at org.eclipse.ui.trace.internal.utils.PreferenceHandler.isTracingEnabled(PreferenceHandler.java:119)
	at org.eclipse.ui.trace.internal.TracingUIActivator.initPreferences(TracingUIActivator.java:108)
	at org.eclipse.ui.trace.internal.TracingUIActivator.start(TracingUIActivator.java:79)
	at org.eclipse.osgi.internal.framework.BundleContextImpl$2.run(BundleContextImpl.java:838)
	at org.eclipse.osgi.internal.framework.BundleContextImpl$2.run(BundleContextImpl.java:1)
	at java.base/java.security.AccessController.doPrivileged(AccessController.java:571)
	at org.eclipse.osgi.internal.framework.BundleContextImpl.startActivator(BundleContextImpl.java:830)
	... 53 more

!ENTRY org.eclipse.ui.trace 4 0 2026-03-08 10:22:57.480
!MESSAGE bundle org.eclipse.ui.trace:1.3.500.v20250320-0611 (473) BundleComponentActivator : Unexpected failure enabling component holder org.eclipse.ui.trace.TracingInitializer
!STACK 0
java.lang.IllegalStateException: Could not load implementation object class org.eclipse.ui.trace.internal.utils.TracingInitializer
	at org.apache.felix.scr.impl.manager.AbstractComponentManager.initDependencyManagers(AbstractComponentManager.java:1038)
	at org.apache.felix.scr.impl.manager.AbstractComponentManager.collectDependencies(AbstractComponentManager.java:1057)
	at org.apache.felix.scr.impl.manager.SingleComponentManager.getServiceInternal(SingleComponentManager.java:955)
	at org.apache.felix.scr.impl.manager.AbstractComponentManager.activateInternal(AbstractComponentManager.java:785)
	at org.apache.felix.scr.impl.manager.AbstractComponentManager.enableInternal(AbstractComponentManager.java:674)
	at org.apache.felix.scr.impl.manager.AbstractComponentManager.enable(AbstractComponentManager.java:437)
	at org.apache.felix.scr.impl.manager.ConfigurableComponentHolder.enableComponents(ConfigurableComponentHolder.java:671)
	at org.apache.felix.scr.impl.BundleComponentActivator.initialEnable(BundleComponentActivator.java:342)
	at org.apache.felix.scr.impl.Activator.loadComponents(Activator.java:610)
	at org.apache.felix.scr.impl.Activator.access$200(Activator.java:75)
	at org.apache.felix.scr.impl.Activator$ScrExtension.start(Activator.java:477)
	at org.apache.felix.scr.impl.AbstractExtender.createExtension(AbstractExtender.java:196)
	at org.apache.felix.scr.impl.AbstractExtender.modifiedBundle(AbstractExtender.java:169)
	at org.apache.felix.scr.impl.AbstractExtender.addingBundle(AbstractExtender.java:139)
	at org.apache.felix.scr.impl.AbstractExtender.addingBundle(AbstractExtender.java:49)
	at org.osgi.util.tracker.BundleTracker$Tracked.customizerAdding(BundleTracker.java:477)
	at org.osgi.util.tracker.BundleTracker$Tracked.customizerAdding(BundleTracker.java:1)
	at org.osgi.util.tracker.AbstractTracked.trackAdding(AbstractTracked.java:257)
	at org.osgi.util.tracker.AbstractTracked.track(AbstractTracked.java:230)
	at org.osgi.util.tracker.BundleTracker$Tracked.bundleChanged(BundleTracker.java:452)
	at org.eclipse.osgi.internal.framework.BundleContextImpl.dispatchEvent(BundleContextImpl.java:987)
	at org.eclipse.osgi.framework.eventmgr.EventManager.dispatchEvent(EventManager.java:230)
	at org.eclipse.osgi.framework.eventmgr.ListenerQueue.dispatchEventSynchronous(ListenerQueue.java:151)
	at org.eclipse.osgi.internal.framework.EquinoxEventPublisher.publishBundleEventPrivileged(EquinoxEventPublisher.java:237)
	at org.eclipse.osgi.internal.framework.EquinoxEventPublisher.publishBundleEvent(EquinoxEventPublisher.java:136)
	at org.eclipse.osgi.internal.framework.EquinoxEventPublisher.publishBundleEvent(EquinoxEventPublisher.java:128)
	at org.eclipse.osgi.internal.framework.EquinoxContainerAdaptor.publishModuleEvent(EquinoxContainerAdaptor.java:232)
	at org.eclipse.osgi.container.Module.publishEvent(Module.java:534)
	at org.eclipse.osgi.container.Module.start(Module.java:518)
	at org.eclipse.osgi.container.ModuleContainer$ContainerStartLevel$2.run(ModuleContainer.java:2110)
	at org.eclipse.osgi.internal.framework.EquinoxContainerAdaptor$1$1.execute(EquinoxContainerAdaptor.java:146)
	at org.eclipse.osgi.container.ModuleContainer$ContainerStartLevel.incStartLevel(ModuleContainer.java:2101)
	at org.eclipse.osgi.container.ModuleContainer$ContainerStartLevel.incStartLevel(ModuleContainer.java:2041)
	at org.eclipse.osgi.container.ModuleContainer$ContainerStartLevel.doContainerStartLevel(ModuleContainer.java:2003)
	at org.eclipse.osgi.container.ModuleContainer$ContainerStartLevel.dispatchEvent(ModuleContainer.java:1915)
	at org.eclipse.osgi.container.ModuleContainer$ContainerStartLevel.dispatchEvent(ModuleContainer.java:1)
	at org.eclipse.osgi.framework.eventmgr.EventManager.dispatchEvent(EventManager.java:230)
	at org.eclipse.osgi.framework.eventmgr.EventManager$EventThread.run(EventManager.java:341)

!ENTRY org.eclipse.ui.ide 4 4 2026-03-08 10:23:00.417
!MESSAGE Could not obtain lock for workspace location

!ENTRY org.eclipse.ui.ide 4 4 2026-03-08 10:23:00.418
!MESSAGE Could not obtain lock for workspace location
!STACK 0
java.io.FileNotFoundException: /workspace/.metadata/.lock (Permission denied)
	at java.base/java.io.RandomAccessFile.open0(Native Method)
	at java.base/java.io.RandomAccessFile.open(RandomAccessFile.java:356)
	at java.base/java.io.RandomAccessFile.<init>(RandomAccessFile.java:273)
	at java.base/java.io.RandomAccessFile.<init>(RandomAccessFile.java:223)
	at org.eclipse.osgi.internal.location.Locker_JavaNio.lock(Locker_JavaNio.java:43)
	at org.eclipse.osgi.internal.location.BasicLocation.lock(BasicLocation.java:233)
	at org.eclipse.osgi.internal.location.BasicLocation.lock(BasicLocation.java:199)
	at org.eclipse.ui.internal.ide.application.IDEApplication.checkInstanceLocation(IDEApplication.java:260)
	at org.eclipse.ui.internal.ide.application.IDEApplication.start(IDEApplication.java:175)
	at org.eclipse.equinox.internal.app.EclipseAppHandle.run(EclipseAppHandle.java:219)
	at org.eclipse.core.runtime.internal.adaptor.EclipseAppLauncher.runApplication(EclipseAppLauncher.java:149)
	at org.eclipse.core.runtime.internal.adaptor.EclipseAppLauncher.start(EclipseAppLauncher.java:115)
	at org.eclipse.core.runtime.adaptor.EclipseStarter.run(EclipseStarter.java:467)
	at org.eclipse.core.runtime.adaptor.EclipseStarter.run(EclipseStarter.java:298)
	at java.base/jdk.internal.reflect.DirectMethodHandleAccessor.invoke(DirectMethodHandleAccessor.java:103)
	at java.base/java.lang.reflect.Method.invoke(Method.java:580)
	at org.eclipse.equinox.launcher.Main.invokeFramework(Main.java:615)
	at org.eclipse.equinox.launcher.Main.basicRun(Main.java:563)
	at org.eclipse.equinox.launcher.Main.run(Main.java:1415)
	at org.eclipse.equinox.launcher.Main.main(Main.java:1387)
